[debug] [2022-07-11T13:58:12.182Z] ----------------------------------------------------------------------
[debug] [2022-07-11T13:58:12.186Z] Command:       C:\Program Files\nodejs\node.exe C:\Users\Nemanja\AppData\Roaming\npm\node_modules\firebase-tools\lib\bin\firebase.js init
[debug] [2022-07-11T13:58:12.188Z] CLI Version:   11.2.1
[debug] [2022-07-11T13:58:12.188Z] Platform:      win32
[debug] [2022-07-11T13:58:12.189Z] Node Version:  v16.15.1
[debug] [2022-07-11T13:58:12.413Z] Time:          Mon Jul 11 2022 15:58:12 GMT+0200 (Central European Summer Time)
[debug] [2022-07-11T13:58:12.414Z] ----------------------------------------------------------------------
[debug] 
[debug] [2022-07-11T13:58:12.438Z] >>> [apiv2][query] GET https://firebase-public.firebaseio.com/cli.json [none]
[debug] [2022-07-11T13:58:12.491Z] > command requires scopes: ["email","openid","https://www.googleapis.com/auth/cloudplatformprojects.readonly","https://www.googleapis.com/auth/firebase","https://www.googleapis.com/auth/cloud-platform"]
[debug] [2022-07-11T13:58:12.492Z] > authorizing via signed-in user (nemanjaradivojevic1603@gmail.com)
[info] 
     ######## #### ########  ######## ########     ###     ######  ########
     ##        ##  ##     ## ##       ##     ##  ##   ##  ##       ##
     ######    ##  ########  ######   ########  #########  ######  ######
     ##        ##  ##    ##  ##       ##     ## ##     ##       ## ##
     ##       #### ##     ## ######## ########  ##     ##  ######  ########

You're about to initialize a Firebase project in this directory:

  E:\Projekti\react-projects\tiktok-clone\frontend

[debug] [2022-07-11T13:58:13.619Z] <<< [apiv2][status] GET https://firebase-public.firebaseio.com/cli.json 200
[debug] [2022-07-11T13:58:13.620Z] <<< [apiv2][body] GET https://firebase-public.firebaseio.com/cli.json {"cloudBuildErrorAfter":1594252800000,"cloudBuildWarnAfter":1590019200000,"defaultNode10After":1594252800000,"minVersion":"3.0.5","node8DeploysDisabledAfter":1613390400000,"node8RuntimeDisabledAfter":1615809600000,"node8WarnAfter":1600128000000}
[info] 
=== Project Setup
[info] 
[info] First, let's associate this project directory with a Firebase project.
[info] You can create multiple project aliases by running firebase use --add, 
[info] but for now we'll just set up a default project.
[info] 
[debug] [2022-07-11T13:58:51.211Z] > refreshing access token with scopes: []
[debug] [2022-07-11T13:58:51.227Z] >>> [apiv2][query] POST https://www.googleapis.com/oauth2/v3/token [none]
[debug] [2022-07-11T13:58:51.227Z] >>> [apiv2][body] POST https://www.googleapis.com/oauth2/v3/token [omitted]
[debug] [2022-07-11T13:58:51.737Z] <<< [apiv2][status] POST https://www.googleapis.com/oauth2/v3/token 200
[debug] [2022-07-11T13:58:51.737Z] <<< [apiv2][body] POST https://www.googleapis.com/oauth2/v3/token [omitted]
[debug] [2022-07-11T13:58:51.784Z] >>> [apiv2][query] GET https://firebase.googleapis.com/v1beta1/projects pageSize=100
[debug] [2022-07-11T13:58:53.584Z] <<< [apiv2][status] GET https://firebase.googleapis.com/v1beta1/projects 200
[debug] [2022-07-11T13:58:53.584Z] <<< [apiv2][body] GET https://firebase.googleapis.com/v1beta1/projects [omitted]
